<?xml version="1.0" encoding="UTF-8"?>
<!-- Generated by org.testng.reporters.JUnitXMLReporter -->
<testsuite ignored="1" hostname="DESKTOP-ECCOGIN" failures="0" tests="1" name="Default test" time="25.913" errors="0" timestamp="2022-08-19T10:16:00 IST">
  <testcase classname="com.fb.qa.test.HomePageTest" name="verifyHomePageTitleTest" time="7.334"/>
  <testcase classname="com.fb.qa.test.HomePageTest" name="verifyFriendsLinkTest" time="0.0">
    <ignored/>
  </testcase> <!-- verifyFriendsLinkTest -->
</testsuite> <!-- Default test -->
